<?xml version="1.0" encoding="UTF-8"?>
<!-- Generated by org.testng.reporters.JUnitReportReporter -->
<testsuite skipped="0" hostname="Alkesh" name="demo.TC004_Verify_All_ResponseBody_Param_Test" tests="1" failures="0" timestamp="2021-03-30T15:03:23 IST" time="5.479" errors="0">
  <testcase name="get_ResponseBody_Param_Test" time="5.479" classname="demo.TC004_Verify_All_ResponseBody_Param_Test"/>
  <system-out/>
</testsuite> <!-- demo.TC004_Verify_All_ResponseBody_Param_Test -->
