<?xml version="1.0" encoding="UTF-8"?>
<!-- Generated by org.testng.reporters.JUnitReportReporter -->
<testsuite skipped="0" hostname="Alkesh" name="demo.TC003_All_Headers_Test" tests="1" failures="0" timestamp="2021-03-30T14:35:07 IST" time="6.387" errors="0">
  <testcase name="get_all_headers" time="6.387" classname="demo.TC003_All_Headers_Test"/>
  <system-out/>
</testsuite> <!-- demo.TC003_All_Headers_Test -->
