<?xml version="1.0" encoding="UTF-8"?>
<!-- Generated by org.testng.reporters.JUnitReportReporter -->
<testsuite skipped="0" hostname="Alkesh" name="demo.TC006_Basic_Auth_Test" tests="1" failures="0" timestamp="2021-03-30T15:39:55 IST" time="2.231" errors="0">
  <testcase name="verify_Basic_Auth_Test" time="2.231" classname="demo.TC006_Basic_Auth_Test"/>
  <system-out/>
</testsuite> <!-- demo.TC006_Basic_Auth_Test -->
