<?xml version="1.0" encoding="UTF-8"?>
<!-- Generated by org.testng.reporters.JUnitReportReporter -->
<testsuite skipped="0" hostname="Alkesh" name="demo.TC001_GET_Req_Test" tests="1" failures="0" timestamp="2021-03-30T12:11:39 IST" time="4.929" errors="0">
  <testcase name="get_Weather" time="4.929" classname="demo.TC001_GET_Req_Test"/>
  <system-out/>
</testsuite> <!-- demo.TC001_GET_Req_Test -->
