<?xml version="1.0" encoding="UTF-8"?>
<!-- Generated by org.testng.reporters.JUnitReportReporter -->
<testsuite skipped="0" hostname="Alkesh" name="demo.TC006_DDT_AddEmployee_Test" tests="11" failures="0" timestamp="2021-03-30T17:54:01 IST" time="22.423" errors="0">
  <testcase name="addEmployee" time="2.167" classname="demo.TC006_DDT_AddEmployee_Test"/>
  <system-out/>
  <testcase name="addEmployee" time="2.304" classname="demo.TC006_DDT_AddEmployee_Test"/>
  <system-out/>
  <testcase name="addEmployee" time="1.941" classname="demo.TC006_DDT_AddEmployee_Test"/>
  <system-out/>
  <testcase name="addEmployee" time="2.227" classname="demo.TC006_DDT_AddEmployee_Test"/>
  <system-out/>
  <testcase name="addEmployee" time="3.687" classname="demo.TC006_DDT_AddEmployee_Test"/>
  <system-out/>
  <testcase name="addEmployee" time="1.534" classname="demo.TC006_DDT_AddEmployee_Test"/>
  <system-out/>
  <testcase name="addEmployee" time="1.821" classname="demo.TC006_DDT_AddEmployee_Test"/>
  <system-out/>
  <testcase name="addEmployee" time="1.321" classname="demo.TC006_DDT_AddEmployee_Test"/>
  <system-out/>
  <testcase name="addEmployee" time="1.338" classname="demo.TC006_DDT_AddEmployee_Test"/>
  <system-out/>
  <testcase name="addEmployee" time="1.936" classname="demo.TC006_DDT_AddEmployee_Test"/>
  <system-out/>
  <testcase name="addEmployee" time="2.147" classname="demo.TC006_DDT_AddEmployee_Test"/>
  <system-out/>
</testsuite> <!-- demo.TC006_DDT_AddEmployee_Test -->
