<?xml version="1.0" encoding="UTF-8"?>
<!-- Generated by org.testng.reporters.JUnitReportReporter -->
<testsuite skipped="0" hostname="Alkesh" name="demo.TC002_POST_Req_Test" tests="1" failures="0" timestamp="2021-03-30T12:00:39 IST" time="4.419" errors="0">
  <testcase name="register_customer" time="4.419" classname="demo.TC002_POST_Req_Test"/>
  <system-out/>
</testsuite> <!-- demo.TC002_POST_Req_Test -->
